# JRE version: OpenJDK Runtime Environment (11.0.15) (build 11.0.15+0-b2043.56-9505619)
# Java VM: OpenJDK 64-Bit Server VM (11.0.15+0-b2043.56-9505619, mixed mode, tiered, compressed oops, g1 gc, windows-amd64)
Heap:
 garbage-first heap   total 249856K, used 160781K [0x0000000080000000, 0x0000000100000000)
  region size 1024K, 4 young (4096K), 4 survivors (4096K)
 Metaspace       used 114923K, capacity 119004K, committed 119120K, reserved 628736K
  class space    used 15002K, capacity 16572K, committed 16640K, reserved 516096K
GC Heap History (20 events):
Event: 28.451 GC heap before
{Heap before GC invocations=14 (full 0):
 garbage-first heap   total 249856K, used 187141K [0x0000000080000000, 0x0000000100000000)
  region size 1024K, 120 young (122880K), 10 survivors (10240K)
 Metaspace       used 92214K, capacity 94640K, committed 94928K, reserved 598016K
  class space    used 12090K, capacity 13097K, committed 13184K, reserved 516096K
}
Event: 28.462 GC heap after
{Heap after GC invocations=15 (full 0):
 garbage-first heap   total 249856K, used 83884K [0x0000000080000000, 0x0000000100000000)
  region size 1024K, 10 young (10240K), 10 survivors (10240K)
 Metaspace       used 92214K, capacity 94640K, committed 94928K, reserved 598016K
  class space    used 12090K, capacity 13097K, committed 13184K, reserved 516096K
}
Event: 29.728 GC heap before
{Heap before GC invocations=15 (full 0):
 garbage-first heap   total 249856K, used 196524K [0x0000000080000000, 0x0000000100000000)
  region size 1024K, 115 young (117760K), 10 survivors (10240K)
 Metaspace       used 95644K, capacity 98658K, committed 98896K, reserved 602112K
  class space    used 12529K, capacity 13725K, committed 13824K, reserved 516096K
}
Event: 29.737 GC heap after
{Heap after GC invocations=16 (full 0):
 garbage-first heap   total 249856K, used 105825K [0x0000000080000000, 0x0000000100000000)
  region size 1024K, 15 young (15360K), 15 survivors (15360K)
 Metaspace       used 95644K, capacity 98658K, committed 98896K, reserved 602112K
  class space    used 12529K, capacity 13725K, committed 13824K, reserved 516096K
}
Event: 30.278 GC heap before
{Heap before GC invocations=16 (full 0):
 garbage-first heap   total 249856K, used 179553K [0x0000000080000000, 0x0000000100000000)
  region size 1024K, 87 young (89088K), 15 survivors (15360K)
 Metaspace       used 97479K, capacity 100721K, committed 100828K, reserved 604160K
  class space    used 12796K, capacity 14060K, committed 14080K, reserved 516096K
}
Event: 30.291 GC heap after
{Heap after GC invocations=17 (full 0):
 garbage-first heap   total 249856K, used 115150K [0x0000000080000000, 0x0000000100000000)
  region size 1024K, 9 young (9216K), 9 survivors (9216K)
 Metaspace       used 97479K, capacity 100721K, committed 100828K, reserved 604160K
  class space    used 12796K, capacity 14060K, committed 14080K, reserved 516096K
}
Event: 31.023 GC heap before
{Heap before GC invocations=18 (full 0):
 garbage-first heap   total 249856K, used 193998K [0x0000000080000000, 0x0000000100000000)
  region size 1024K, 86 young (88064K), 9 survivors (9216K)
 Metaspace       used 101553K, capacity 104966K, committed 105168K, reserved 608256K
  class space    used 13309K, capacity 14603K, committed 14720K, reserved 516096K
}
Event: 31.032 GC heap after
{Heap after GC invocations=19 (full 0):
 garbage-first heap   total 249856K, used 121569K [0x0000000080000000, 0x0000000100000000)
  region size 1024K, 7 young (7168K), 7 survivors (7168K)
 Metaspace       used 101553K, capacity 104966K, committed 105168K, reserved 608256K
  class space    used 13309K, capacity 14603K, committed 14720K, reserved 516096K
}
Event: 31.275 GC heap before
{Heap before GC invocations=19 (full 0):
 garbage-first heap   total 249856K, used 145121K [0x0000000080000000, 0x0000000100000000)
  region size 1024K, 32 young (32768K), 7 survivors (7168K)
 Metaspace       used 102091K, capacity 105578K, committed 105680K, reserved 608256K
  class space    used 13376K, capacity 14716K, committed 14720K, reserved 516096K
}
Event: 31.282 GC heap after
{Heap after GC invocations=20 (full 0):
 garbage-first heap   total 249856K, used 125367K [0x0000000080000000, 0x0000000100000000)
  region size 1024K, 4 young (4096K), 4 survivors (4096K)
 Metaspace       used 102091K, capacity 105578K, committed 105680K, reserved 608256K
  class space    used 13376K, capacity 14716K, committed 14720K, reserved 516096K
}
Event: 31.817 GC heap before
{Heap before GC invocations=21 (full 0):
 garbage-first heap   total 249856K, used 200119K [0x0000000080000000, 0x0000000100000000)
  region size 1024K, 76 young (77824K), 4 survivors (4096K)
 Metaspace       used 105188K, capacity 109112K, committed 109392K, reserved 610304K
  class space    used 13792K, capacity 15311K, committed 15360K, reserved 516096K
}
Event: 31.823 GC heap after
{Heap after GC invocations=22 (full 0):
 garbage-first heap   total 249856K, used 135793K [0x0000000080000000, 0x0000000100000000)
  region size 1024K, 10 young (10240K), 10 survivors (10240K)
 Metaspace       used 105188K, capacity 109112K, committed 109392K, reserved 610304K
  class space    used 13792K, capacity 15311K, committed 15360K, reserved 516096K
}
Event: 32.351 GC heap before
{Heap before GC invocations=22 (full 0):
 garbage-first heap   total 249856K, used 202353K [0x0000000080000000, 0x0000000100000000)
  region size 1024K, 75 young (76800K), 10 survivors (10240K)
 Metaspace       used 110454K, capacity 114518K, committed 114768K, reserved 616448K
  class space    used 14477K, capacity 16050K, committed 16128K, reserved 516096K
}
Event: 32.358 GC heap after
{Heap after GC invocations=23 (full 0):
 garbage-first heap   total 249856K, used 141359K [0x0000000080000000, 0x0000000100000000)
  region size 1024K, 6 young (6144K), 6 survivors (6144K)
 Metaspace       used 110454K, capacity 114518K, committed 114768K, reserved 616448K
  class space    used 14477K, capacity 16050K, committed 16128K, reserved 516096K
}
Event: 32.899 GC heap before
{Heap before GC invocations=24 (full 0):
 garbage-first heap   total 249856K, used 204847K [0x0000000080000000, 0x0000000100000000)
  region size 1024K, 68 young (69632K), 6 survivors (6144K)
 Metaspace       used 114086K, capacity 118214K, committed 118352K, reserved 618496K
  class space    used 14924K, capacity 16517K, committed 16640K, reserved 516096K
}
Event: 32.908 GC heap after
{Heap after GC invocations=25 (full 0):
 garbage-first heap   total 249856K, used 150738K [0x0000000080000000, 0x0000000100000000)
  region size 1024K, 9 young (9216K), 9 survivors (9216K)
 Metaspace       used 114086K, capacity 118214K, committed 118352K, reserved 618496K
  class space    used 14924K, capacity 16517K, committed 16640K, reserved 516096K
}
Event: 33.329 GC heap before
{Heap before GC invocations=25 (full 0):
 garbage-first heap   total 249856K, used 203986K [0x0000000080000000, 0x0000000100000000)
  region size 1024K, 61 young (62464K), 9 survivors (9216K)
 Metaspace       used 114707K, capacity 118841K, committed 119120K, reserved 620544K
  class space    used 14984K, capacity 16566K, committed 16640K, reserved 516096K
}
Event: 33.339 GC heap after
{Heap after GC invocations=26 (full 0):
 garbage-first heap   total 249856K, used 157600K [0x0000000080000000, 0x0000000100000000)
  region size 1024K, 7 young (7168K), 7 survivors (7168K)
 Metaspace       used 114707K, capacity 118841K, committed 119120K, reserved 620544K
  class space    used 14984K, capacity 16566K, committed 16640K, reserved 516096K
}
Event: 33.484 GC heap before
{Heap before GC invocations=27 (full 0):
 garbage-first heap   total 249856K, used 180128K [0x0000000080000000, 0x0000000100000000)
  region size 1024K, 30 young (30720K), 7 survivors (7168K)
 Metaspace       used 114923K, capacity 119004K, committed 119120K, reserved 626688K
  class space    used 15002K, capacity 16572K, committed 16640K, reserved 516096K
}
Event: 33.490 GC heap after
{Heap after GC invocations=28 (full 0):
 garbage-first heap   total 249856K, used 160781K [0x0000000080000000, 0x0000000100000000)
  region size 1024K, 4 young (4096K), 4 survivors (4096K)
 Metaspace       used 114923K, capacity 119004K, committed 119120K, reserved 626688K
  class space    used 15002K, capacity 16572K, committed 16640K, reserved 516096K
}

